This is pdfTeX, Version 3.141592653-2.6-1.40.24 (MiKTeX 22.11.25) (preloaded format=pdflatex 2022.11.30)  19 OCT 2023 08:53
entering extended mode
 restricted \write18 enabled.
 %&-line parsing enabled.
**./main.tex
(main.tex
LaTeX2e <2022-11-01>
L3 programming layer <2022-11-02>
(C:\Users\paolo\AppData\Local\Programs\MiKTeX\tex/latex/base\article.cls
Document Class: article 2022/07/02 v1.4n Standard LaTeX document class
(C:\Users\paolo\AppData\Local\Programs\MiKTeX\tex/latex/base\size11.clo
File: size11.clo 2022/07/02 v1.4n Standard LaTeX file (size option)
)
\c@part=\count185
\c@section=\count186
\c@subsection=\count187
\c@subsubsection=\count188
\c@paragraph=\count189
\c@subparagraph=\count190
\c@figure=\count191
\c@table=\count192
\abovecaptionskip=\skip47
\belowcaptionskip=\skip48
\bibindent=\dimen140
)
(C:\Users\paolo\AppData\Local\Programs\MiKTeX\tex/latex/base\inputenc.sty
Package: inputenc 2021/02/14 v1.3d Input encoding file
\inpenc@prehook=\toks16
\inpenc@posthook=\toks17
)
(C:\Users\paolo\AppData\Local\Programs\MiKTeX\tex/latex/base\fontenc.sty
Package: fontenc 2021/04/29 v2.0v Standard LaTeX package
)
(C:\Users\paolo\AppData\Local\Programs\MiKTeX\tex/latex/amsmath\amsmath.sty
Package: amsmath 2022/04/08 v2.17n AMS math features
\@mathmargin=\skip49

For additional information on amsmath, use the `?' option.
(C:\Users\paolo\AppData\Local\Programs\MiKTeX\tex/latex/amsmath\amstext.sty
Package: amstext 2021/08/26 v2.01 AMS text

(C:\Users\paolo\AppData\Local\Programs\MiKTeX\tex/latex/amsmath\amsgen.sty
File: amsgen.sty 1999/11/30 v2.0 generic functions
\@emptytoks=\toks18
\ex@=\dimen141
))
(C:\Users\paolo\AppData\Local\Programs\MiKTeX\tex/latex/amsmath\amsbsy.sty
Package: amsbsy 1999/11/29 v1.2d Bold Symbols
\pmbraise@=\dimen142
)
(C:\Users\paolo\AppData\Local\Programs\MiKTeX\tex/latex/amsmath\amsopn.sty
Package: amsopn 2022/04/08 v2.04 operator names
)
\inf@bad=\count193
LaTeX Info: Redefining \frac on input line 234.
\uproot@=\count194
\leftroot@=\count195
LaTeX Info: Redefining \overline on input line 399.
LaTeX Info: Redefining \colon on input line 410.
\classnum@=\count196
\DOTSCASE@=\count197
LaTeX Info: Redefining \ldots on input line 496.
LaTeX Info: Redefining \dots on input line 499.
LaTeX Info: Redefining \cdots on input line 620.
\Mathstrutbox@=\box51
\strutbox@=\box52
LaTeX Info: Redefining \big on input line 722.
LaTeX Info: Redefining \Big on input line 723.
LaTeX Info: Redefining \bigg on input line 724.
LaTeX Info: Redefining \Bigg on input line 725.
\big@size=\dimen143
LaTeX Font Info:    Redeclaring font encoding OML on input line 743.
LaTeX Font Info:    Redeclaring font encoding OMS on input line 744.
\macc@depth=\count198
LaTeX Info: Redefining \bmod on input line 905.
LaTeX Info: Redefining \pmod on input line 910.
LaTeX Info: Redefining \smash on input line 940.
LaTeX Info: Redefining \relbar on input line 970.
LaTeX Info: Redefining \Relbar on input line 971.
\c@MaxMatrixCols=\count199
\dotsspace@=\muskip16
\c@parentequation=\count266
\dspbrk@lvl=\count267
\tag@help=\toks19
\row@=\count268
\column@=\count269
\maxfields@=\count270
\andhelp@=\toks20
\eqnshift@=\dimen144
\alignsep@=\dimen145
\tagshift@=\dimen146
\tagwidth@=\dimen147
\totwidth@=\dimen148
\lineht@=\dimen149
\@envbody=\toks21
\multlinegap=\skip50
\multlinetaggap=\skip51
\mathdisplay@stack=\toks22
LaTeX Info: Redefining \[ on input line 2953.
LaTeX Info: Redefining \] on input line 2954.
)
(C:\Users\paolo\AppData\Local\Programs\MiKTeX\tex/latex/amsfonts\amssymb.sty
Package: amssymb 2013/01/14 v3.01 AMS font symbols

(C:\Users\paolo\AppData\Local\Programs\MiKTeX\tex/latex/amsfonts\amsfonts.sty
Package: amsfonts 2013/01/14 v3.01 Basic AMSFonts support
\symAMSa=\mathgroup4
\symAMSb=\mathgroup5
LaTeX Font Info:    Redeclaring math symbol \hbar on input line 98.
LaTeX Font Info:    Overwriting math alphabet `\mathfrak' in version `bold'
(Font)                  U/euf/m/n --> U/euf/b/n on input line 106.
)) (C:\Users\paolo\AppData\Local\Programs\MiKTeX\tex/latex/graphics\graphicx.st
y
Package: graphicx 2021/09/16 v1.2d Enhanced LaTeX Graphics (DPC,SPQR)

(C:\Users\paolo\AppData\Local\Programs\MiKTeX\tex/latex/graphics\keyval.sty
Package: keyval 2022/05/29 v1.15 key=value parser (DPC)
\KV@toks@=\toks23
)
(C:\Users\paolo\AppData\Local\Programs\MiKTeX\tex/latex/graphics\graphics.sty
Package: graphics 2022/03/10 v1.4e Standard LaTeX Graphics (DPC,SPQR)

(C:\Users\paolo\AppData\Local\Programs\MiKTeX\tex/latex/graphics\trig.sty
Package: trig 2021/08/11 v1.11 sin cos tan (DPC)
)
(C:\Users\paolo\AppData\Local\Programs\MiKTeX\tex/latex/graphics-cfg\graphics.c
fg
File: graphics.cfg 2016/06/04 v1.11 sample graphics configuration
)
Package graphics Info: Driver file: pdftex.def on input line 107.

(C:\Users\paolo\AppData\Local\Programs\MiKTeX\tex/latex/graphics-def\pdftex.def
File: pdftex.def 2022/09/22 v1.2b Graphics/color driver for pdftex
))
\Gin@req@height=\dimen150
\Gin@req@width=\dimen151
) (C:\Users\paolo\AppData\Local\Programs\MiKTeX\tex/generic/babel\babel.sty
Package: babel 2022/10/23 3.82 The Babel package
\babel@savecnt=\count271
\U@D=\dimen152
\l@unhyphenated=\language79

(C:\Users\paolo\AppData\Local\Programs\MiKTeX\tex/generic/babel\txtbabel.def)
\bbl@readstream=\read2
\bbl@dirlevel=\count272

*************************************
* Local config file bblopts.cfg used
*
(C:\Users\paolo\AppData\Local\Programs\MiKTeX\tex/latex/arabi\bblopts.cfg
File: bblopts.cfg 2005/09/08 v0.1 add Arabic and Farsi to "declared" options of
 babel
)
(C:\Users\paolo\AppData\Local\Programs\MiKTeX\tex/latex/babel-english\english.l
df
Language: english 2017/06/06 v3.3r English support from the babel system
Package babel Info: Hyphen rules for 'canadian' set to \l@english
(babel)             (\language0). Reported on input line 102.
Package babel Info: Hyphen rules for 'australian' set to \l@ukenglish
(babel)             (\language73). Reported on input line 105.
Package babel Info: Hyphen rules for 'newzealand' set to \l@ukenglish
(babel)             (\language73). Reported on input line 108.
))
(C:\Users\paolo\AppData\Local\Programs\MiKTeX\tex/generic/babel/locale/en\babel
-english.tex
Package babel Info: Importing font and identification data for english
(babel)             from babel-en.ini. Reported on input line 11.
)
(C:\Users\paolo\AppData\Local\Programs\MiKTeX\tex/latex/lipsum\lipsum.sty
(C:\Users\paolo\AppData\Local\Programs\MiKTeX\tex/latex/l3packages/l3keys2e\l3k
eys2e.sty
(C:\Users\paolo\AppData\Local\Programs\MiKTeX\tex/latex/l3kernel\expl3.sty
Package: expl3 2022-11-02 L3 programming layer (loader) 

(C:\Users\paolo\AppData\Local\Programs\MiKTeX\tex/latex/l3backend\l3backend-pdf
tex.def
File: l3backend-pdftex.def 2022-10-26 L3 backend support: PDF output (pdfTeX)
\l__color_backend_stack_int=\count273
\l__pdf_internal_box=\box53
))
Package: l3keys2e 2022-06-22 LaTeX2e option processing using LaTeX3 keys
)
Package: lipsum 2021-09-20 v2.7 150 paragraphs of Lorem Ipsum dummy text
\g__lipsum_par_int=\count274
\l__lipsum_a_int=\count275
\l__lipsum_b_int=\count276

(C:\Users\paolo\AppData\Local\Programs\MiKTeX\tex/latex/lipsum\lipsum.ltd.tex))
(C:\Users\paolo\AppData\Local\Programs\MiKTeX\tex/latex/geometry\geometry.sty
Package: geometry 2020/01/02 v5.9 Page Geometry

(C:\Users\paolo\AppData\Local\Programs\MiKTeX\tex/generic/iftex\ifvtex.sty
Package: ifvtex 2019/10/25 v1.7 ifvtex legacy package. Use iftex instead.

(C:\Users\paolo\AppData\Local\Programs\MiKTeX\tex/generic/iftex\iftex.sty
Package: iftex 2022/02/03 v1.0f TeX engine tests
))
\Gm@cnth=\count277
\Gm@cntv=\count278
\c@Gm@tempcnt=\count279
\Gm@bindingoffset=\dimen153
\Gm@wd@mp=\dimen154
\Gm@odd@mp=\dimen155
\Gm@even@mp=\dimen156
\Gm@layoutwidth=\dimen157
\Gm@layoutheight=\dimen158
\Gm@layouthoffset=\dimen159
\Gm@layoutvoffset=\dimen160
\Gm@dimlist=\toks24

(C:\Users\paolo\AppData\Local\Programs\MiKTeX\tex/latex/geometry\geometry.cfg))
(C:\Users\paolo\AppData\Local\Programs\MiKTeX\tex/latex/jknappen\sans.sty
LaTeX Font Info:    Trying to load font information for T1+cmss on input line 2
5.

(C:\Users\paolo\AppData\Local\Programs\MiKTeX\tex/latex/base\t1cmss.fd
File: t1cmss.fd 2022/07/10 v2.5l Standard LaTeX font definitions
))
(C:\Users\paolo\AppData\Local\Programs\MiKTeX\tex/latex/fancyhdr\fancyhdr.sty
Package: fancyhdr 2022/11/09 v4.1 Extensive control of page headers and footers

\f@nch@headwidth=\skip52
\f@nch@O@elh=\skip53
\f@nch@O@erh=\skip54
\f@nch@O@olh=\skip55
\f@nch@O@orh=\skip56
\f@nch@O@elf=\skip57
\f@nch@O@erf=\skip58
\f@nch@O@olf=\skip59
\f@nch@O@orf=\skip60
)
(C:\Users\paolo\AppData\Local\Programs\MiKTeX\tex/latex/pgf/frontendlayer\tikz.
sty
(C:\Users\paolo\AppData\Local\Programs\MiKTeX\tex/latex/pgf/basiclayer\pgf.sty
(C:\Users\paolo\AppData\Local\Programs\MiKTeX\tex/latex/pgf/utilities\pgfrcs.st
y
(C:\Users\paolo\AppData\Local\Programs\MiKTeX\tex/generic/pgf/utilities\pgfutil
-common.tex
\pgfutil@everybye=\toks25
\pgfutil@tempdima=\dimen161
\pgfutil@tempdimb=\dimen162

(C:\Users\paolo\AppData\Local\Programs\MiKTeX\tex/generic/pgf/utilities\pgfutil
-common-lists.tex))
(C:\Users\paolo\AppData\Local\Programs\MiKTeX\tex/generic/pgf/utilities\pgfutil
-latex.def
\pgfutil@abb=\box54
)
(C:\Users\paolo\AppData\Local\Programs\MiKTeX\tex/generic/pgf/utilities\pgfrcs.
code.tex
(C:\Users\paolo\AppData\Local\Programs\MiKTeX\tex/generic/pgf\pgf.revision.tex)
Package: pgfrcs 2021/05/15 v3.1.9a (3.1.9a)
))
Package: pgf 2021/05/15 v3.1.9a (3.1.9a)

(C:\Users\paolo\AppData\Local\Programs\MiKTeX\tex/latex/pgf/basiclayer\pgfcore.
sty
(C:\Users\paolo\AppData\Local\Programs\MiKTeX\tex/latex/pgf/systemlayer\pgfsys.
sty
(C:\Users\paolo\AppData\Local\Programs\MiKTeX\tex/generic/pgf/systemlayer\pgfsy
s.code.tex
Package: pgfsys 2021/05/15 v3.1.9a (3.1.9a)

(C:\Users\paolo\AppData\Local\Programs\MiKTeX\tex/generic/pgf/utilities\pgfkeys
.code.tex
\pgfkeys@pathtoks=\toks26
\pgfkeys@temptoks=\toks27

(C:\Users\paolo\AppData\Local\Programs\MiKTeX\tex/generic/pgf/utilities\pgfkeys
filtered.code.tex
\pgfkeys@tmptoks=\toks28
))
\pgf@x=\dimen163
\pgf@y=\dimen164
\pgf@xa=\dimen165
\pgf@ya=\dimen166
\pgf@xb=\dimen167
\pgf@yb=\dimen168
\pgf@xc=\dimen169
\pgf@yc=\dimen170
\pgf@xd=\dimen171
\pgf@yd=\dimen172
\w@pgf@writea=\write3
\r@pgf@reada=\read3
\c@pgf@counta=\count280
\c@pgf@countb=\count281
\c@pgf@countc=\count282
\c@pgf@countd=\count283
\t@pgf@toka=\toks29
\t@pgf@tokb=\toks30
\t@pgf@tokc=\toks31
\pgf@sys@id@count=\count284

(C:\Users\paolo\AppData\Local\Programs\MiKTeX\tex/generic/pgf/systemlayer\pgf.c
fg
File: pgf.cfg 2021/05/15 v3.1.9a (3.1.9a)
)
Driver file for pgf: pgfsys-pdftex.def

(C:\Users\paolo\AppData\Local\Programs\MiKTeX\tex/generic/pgf/systemlayer\pgfsy
s-pdftex.def
File: pgfsys-pdftex.def 2021/05/15 v3.1.9a (3.1.9a)

(C:\Users\paolo\AppData\Local\Programs\MiKTeX\tex/generic/pgf/systemlayer\pgfsy
s-common-pdf.def
File: pgfsys-common-pdf.def 2021/05/15 v3.1.9a (3.1.9a)
)))
(C:\Users\paolo\AppData\Local\Programs\MiKTeX\tex/generic/pgf/systemlayer\pgfsy
ssoftpath.code.tex
File: pgfsyssoftpath.code.tex 2021/05/15 v3.1.9a (3.1.9a)
\pgfsyssoftpath@smallbuffer@items=\count285
\pgfsyssoftpath@bigbuffer@items=\count286
)
(C:\Users\paolo\AppData\Local\Programs\MiKTeX\tex/generic/pgf/systemlayer\pgfsy
sprotocol.code.tex
File: pgfsysprotocol.code.tex 2021/05/15 v3.1.9a (3.1.9a)
))
(C:\Users\paolo\AppData\Local\Programs\MiKTeX\tex/latex/xcolor\xcolor.sty
Package: xcolor 2022/06/12 v2.14 LaTeX color extensions (UK)

(C:\Users\paolo\AppData\Local\Programs\MiKTeX\tex/latex/graphics-cfg\color.cfg
File: color.cfg 2016/01/02 v1.6 sample color configuration
)
Package xcolor Info: Driver file: pdftex.def on input line 227.
(C:\Users\paolo\AppData\Local\Programs\MiKTeX\tex/latex/graphics\mathcolor.ltx)
Package xcolor Info: Model `cmy' substituted by `cmy0' on input line 1353.
Package xcolor Info: Model `hsb' substituted by `rgb' on input line 1357.
Package xcolor Info: Model `RGB' extended on input line 1369.
Package xcolor Info: Model `HTML' substituted by `rgb' on input line 1371.
Package xcolor Info: Model `Hsb' substituted by `hsb' on input line 1372.
Package xcolor Info: Model `tHsb' substituted by `hsb' on input line 1373.
Package xcolor Info: Model `HSB' substituted by `hsb' on input line 1374.
Package xcolor Info: Model `Gray' substituted by `gray' on input line 1375.
Package xcolor Info: Model `wave' substituted by `hsb' on input line 1376.
)
(C:\Users\paolo\AppData\Local\Programs\MiKTeX\tex/generic/pgf/basiclayer\pgfcor
e.code.tex
Package: pgfcore 2021/05/15 v3.1.9a (3.1.9a)

(C:\Users\paolo\AppData\Local\Programs\MiKTeX\tex/generic/pgf/math\pgfmath.code
.tex
(C:\Users\paolo\AppData\Local\Programs\MiKTeX\tex/generic/pgf/math\pgfmathcalc.
code.tex
(C:\Users\paolo\AppData\Local\Programs\MiKTeX\tex/generic/pgf/math\pgfmathutil.
code.tex)
(C:\Users\paolo\AppData\Local\Programs\MiKTeX\tex/generic/pgf/math\pgfmathparse
r.code.tex
\pgfmath@dimen=\dimen173
\pgfmath@count=\count287
\pgfmath@box=\box55
\pgfmath@toks=\toks32
\pgfmath@stack@operand=\toks33
\pgfmath@stack@operation=\toks34
)
(C:\Users\paolo\AppData\Local\Programs\MiKTeX\tex/generic/pgf/math\pgfmathfunct
ions.code.tex
(C:\Users\paolo\AppData\Local\Programs\MiKTeX\tex/generic/pgf/math\pgfmathfunct
ions.basic.code.tex)
(C:\Users\paolo\AppData\Local\Programs\MiKTeX\tex/generic/pgf/math\pgfmathfunct
ions.trigonometric.code.tex)
(C:\Users\paolo\AppData\Local\Programs\MiKTeX\tex/generic/pgf/math\pgfmathfunct
ions.random.code.tex)
(C:\Users\paolo\AppData\Local\Programs\MiKTeX\tex/generic/pgf/math\pgfmathfunct
ions.comparison.code.tex)
(C:\Users\paolo\AppData\Local\Programs\MiKTeX\tex/generic/pgf/math\pgfmathfunct
ions.base.code.tex)
(C:\Users\paolo\AppData\Local\Programs\MiKTeX\tex/generic/pgf/math\pgfmathfunct
ions.round.code.tex)
(C:\Users\paolo\AppData\Local\Programs\MiKTeX\tex/generic/pgf/math\pgfmathfunct
ions.misc.code.tex)
(C:\Users\paolo\AppData\Local\Programs\MiKTeX\tex/generic/pgf/math\pgfmathfunct
ions.integerarithmetics.code.tex)))
(C:\Users\paolo\AppData\Local\Programs\MiKTeX\tex/generic/pgf/math\pgfmathfloat
.code.tex
\c@pgfmathroundto@lastzeros=\count288
))
(C:\Users\paolo\AppData\Local\Programs\MiKTeX\tex/generic/pgf/math\pgfint.code.
tex)
(C:\Users\paolo\AppData\Local\Programs\MiKTeX\tex/generic/pgf/basiclayer\pgfcor
epoints.code.tex
File: pgfcorepoints.code.tex 2021/05/15 v3.1.9a (3.1.9a)
\pgf@picminx=\dimen174
\pgf@picmaxx=\dimen175
\pgf@picminy=\dimen176
\pgf@picmaxy=\dimen177
\pgf@pathminx=\dimen178
\pgf@pathmaxx=\dimen179
\pgf@pathminy=\dimen180
\pgf@pathmaxy=\dimen181
\pgf@xx=\dimen182
\pgf@xy=\dimen183
\pgf@yx=\dimen184
\pgf@yy=\dimen185
\pgf@zx=\dimen186
\pgf@zy=\dimen187
)
(C:\Users\paolo\AppData\Local\Programs\MiKTeX\tex/generic/pgf/basiclayer\pgfcor
epathconstruct.code.tex
File: pgfcorepathconstruct.code.tex 2021/05/15 v3.1.9a (3.1.9a)
\pgf@path@lastx=\dimen188
\pgf@path@lasty=\dimen189
)
(C:\Users\paolo\AppData\Local\Programs\MiKTeX\tex/generic/pgf/basiclayer\pgfcor
epathusage.code.tex
File: pgfcorepathusage.code.tex 2021/05/15 v3.1.9a (3.1.9a)
\pgf@shorten@end@additional=\dimen190
\pgf@shorten@start@additional=\dimen191
)
(C:\Users\paolo\AppData\Local\Programs\MiKTeX\tex/generic/pgf/basiclayer\pgfcor
escopes.code.tex
File: pgfcorescopes.code.tex 2021/05/15 v3.1.9a (3.1.9a)
\pgfpic=\box56
\pgf@hbox=\box57
\pgf@layerbox@main=\box58
\pgf@picture@serial@count=\count289
)
(C:\Users\paolo\AppData\Local\Programs\MiKTeX\tex/generic/pgf/basiclayer\pgfcor
egraphicstate.code.tex
File: pgfcoregraphicstate.code.tex 2021/05/15 v3.1.9a (3.1.9a)
\pgflinewidth=\dimen192
)
(C:\Users\paolo\AppData\Local\Programs\MiKTeX\tex/generic/pgf/basiclayer\pgfcor
etransformations.code.tex
File: pgfcoretransformations.code.tex 2021/05/15 v3.1.9a (3.1.9a)
\pgf@pt@x=\dimen193
\pgf@pt@y=\dimen194
\pgf@pt@temp=\dimen195
)
(C:\Users\paolo\AppData\Local\Programs\MiKTeX\tex/generic/pgf/basiclayer\pgfcor
equick.code.tex
File: pgfcorequick.code.tex 2021/05/15 v3.1.9a (3.1.9a)
)
(C:\Users\paolo\AppData\Local\Programs\MiKTeX\tex/generic/pgf/basiclayer\pgfcor
eobjects.code.tex
File: pgfcoreobjects.code.tex 2021/05/15 v3.1.9a (3.1.9a)
)
(C:\Users\paolo\AppData\Local\Programs\MiKTeX\tex/generic/pgf/basiclayer\pgfcor
epathprocessing.code.tex
File: pgfcorepathprocessing.code.tex 2021/05/15 v3.1.9a (3.1.9a)
)
(C:\Users\paolo\AppData\Local\Programs\MiKTeX\tex/generic/pgf/basiclayer\pgfcor
earrows.code.tex
File: pgfcorearrows.code.tex 2021/05/15 v3.1.9a (3.1.9a)
\pgfarrowsep=\dimen196
)
(C:\Users\paolo\AppData\Local\Programs\MiKTeX\tex/generic/pgf/basiclayer\pgfcor
eshade.code.tex
File: pgfcoreshade.code.tex 2021/05/15 v3.1.9a (3.1.9a)
\pgf@max=\dimen197
\pgf@sys@shading@range@num=\count290
\pgf@shadingcount=\count291
)
(C:\Users\paolo\AppData\Local\Programs\MiKTeX\tex/generic/pgf/basiclayer\pgfcor
eimage.code.tex
File: pgfcoreimage.code.tex 2021/05/15 v3.1.9a (3.1.9a)

(C:\Users\paolo\AppData\Local\Programs\MiKTeX\tex/generic/pgf/basiclayer\pgfcor
eexternal.code.tex
File: pgfcoreexternal.code.tex 2021/05/15 v3.1.9a (3.1.9a)
\pgfexternal@startupbox=\box59
))
(C:\Users\paolo\AppData\Local\Programs\MiKTeX\tex/generic/pgf/basiclayer\pgfcor
elayers.code.tex
File: pgfcorelayers.code.tex 2021/05/15 v3.1.9a (3.1.9a)
)
(C:\Users\paolo\AppData\Local\Programs\MiKTeX\tex/generic/pgf/basiclayer\pgfcor
etransparency.code.tex
File: pgfcoretransparency.code.tex 2021/05/15 v3.1.9a (3.1.9a)
)
(C:\Users\paolo\AppData\Local\Programs\MiKTeX\tex/generic/pgf/basiclayer\pgfcor
epatterns.code.tex
File: pgfcorepatterns.code.tex 2021/05/15 v3.1.9a (3.1.9a)
)
(C:\Users\paolo\AppData\Local\Programs\MiKTeX\tex/generic/pgf/basiclayer\pgfcor
erdf.code.tex
File: pgfcorerdf.code.tex 2021/05/15 v3.1.9a (3.1.9a)
)))
(C:\Users\paolo\AppData\Local\Programs\MiKTeX\tex/generic/pgf/modules\pgfmodule
shapes.code.tex
File: pgfmoduleshapes.code.tex 2021/05/15 v3.1.9a (3.1.9a)
\pgfnodeparttextbox=\box60
)
(C:\Users\paolo\AppData\Local\Programs\MiKTeX\tex/generic/pgf/modules\pgfmodule
plot.code.tex
File: pgfmoduleplot.code.tex 2021/05/15 v3.1.9a (3.1.9a)
)
(C:\Users\paolo\AppData\Local\Programs\MiKTeX\tex/latex/pgf/compatibility\pgfco
mp-version-0-65.sty
Package: pgfcomp-version-0-65 2021/05/15 v3.1.9a (3.1.9a)
\pgf@nodesepstart=\dimen198
\pgf@nodesepend=\dimen199
)
(C:\Users\paolo\AppData\Local\Programs\MiKTeX\tex/latex/pgf/compatibility\pgfco
mp-version-1-18.sty
Package: pgfcomp-version-1-18 2021/05/15 v3.1.9a (3.1.9a)
))
(C:\Users\paolo\AppData\Local\Programs\MiKTeX\tex/latex/pgf/utilities\pgffor.st
y
(C:\Users\paolo\AppData\Local\Programs\MiKTeX\tex/latex/pgf/utilities\pgfkeys.s
ty
(C:\Users\paolo\AppData\Local\Programs\MiKTeX\tex/generic/pgf/utilities\pgfkeys
.code.tex))
(C:\Users\paolo\AppData\Local\Programs\MiKTeX\tex/latex/pgf/math\pgfmath.sty
(C:\Users\paolo\AppData\Local\Programs\MiKTeX\tex/generic/pgf/math\pgfmath.code
.tex))
(C:\Users\paolo\AppData\Local\Programs\MiKTeX\tex/generic/pgf/utilities\pgffor.
code.tex
Package: pgffor 2021/05/15 v3.1.9a (3.1.9a)

(C:\Users\paolo\AppData\Local\Programs\MiKTeX\tex/generic/pgf/math\pgfmath.code
.tex)
\pgffor@iter=\dimen256
\pgffor@skip=\dimen257
\pgffor@stack=\toks35
\pgffor@toks=\toks36
))
(C:\Users\paolo\AppData\Local\Programs\MiKTeX\tex/generic/pgf/frontendlayer/tik
z\tikz.code.tex
Package: tikz 2021/05/15 v3.1.9a (3.1.9a)

(C:\Users\paolo\AppData\Local\Programs\MiKTeX\tex/generic/pgf/libraries\pgflibr
aryplothandlers.code.tex
File: pgflibraryplothandlers.code.tex 2021/05/15 v3.1.9a (3.1.9a)
\pgf@plot@mark@count=\count292
\pgfplotmarksize=\dimen258
)
\tikz@lastx=\dimen259
\tikz@lasty=\dimen260
\tikz@lastxsaved=\dimen261
\tikz@lastysaved=\dimen262
\tikz@lastmovetox=\dimen263
\tikz@lastmovetoy=\dimen264
\tikzleveldistance=\dimen265
\tikzsiblingdistance=\dimen266
\tikz@figbox=\box61
\tikz@figbox@bg=\box62
\tikz@tempbox=\box63
\tikz@tempbox@bg=\box64
\tikztreelevel=\count293
\tikznumberofchildren=\count294
\tikznumberofcurrentchild=\count295
\tikz@fig@count=\count296

(C:\Users\paolo\AppData\Local\Programs\MiKTeX\tex/generic/pgf/modules\pgfmodule
matrix.code.tex
File: pgfmodulematrix.code.tex 2021/05/15 v3.1.9a (3.1.9a)
\pgfmatrixcurrentrow=\count297
\pgfmatrixcurrentcolumn=\count298
\pgf@matrix@numberofcolumns=\count299
)
\tikz@expandcount=\count300

(C:\Users\paolo\AppData\Local\Programs\MiKTeX\tex/generic/pgf/frontendlayer/tik
z/libraries\tikzlibrarytopaths.code.tex
File: tikzlibrarytopaths.code.tex 2021/05/15 v3.1.9a (3.1.9a)
)))
(C:\Users\paolo\AppData\Local\Programs\MiKTeX\tex/generic/pgf/frontendlayer/tik
z/libraries\tikzlibraryshapes.code.tex
File: tikzlibraryshapes.code.tex 2021/05/15 v3.1.9a (3.1.9a)

(C:\Users\paolo\AppData\Local\Programs\MiKTeX\tex/generic/pgf/frontendlayer/tik
z/libraries\tikzlibraryshapes.geometric.code.tex
File: tikzlibraryshapes.geometric.code.tex 2021/05/15 v3.1.9a (3.1.9a)

(C:\Users\paolo\AppData\Local\Programs\MiKTeX\tex/generic/pgf/libraries/shapes\
pgflibraryshapes.geometric.code.tex
File: pgflibraryshapes.geometric.code.tex 2021/05/15 v3.1.9a (3.1.9a)
))
(C:\Users\paolo\AppData\Local\Programs\MiKTeX\tex/generic/pgf/frontendlayer/tik
z/libraries\tikzlibraryshapes.misc.code.tex
File: tikzlibraryshapes.misc.code.tex 2021/05/15 v3.1.9a (3.1.9a)

(C:\Users\paolo\AppData\Local\Programs\MiKTeX\tex/generic/pgf/libraries/shapes\
pgflibraryshapes.misc.code.tex
File: pgflibraryshapes.misc.code.tex 2021/05/15 v3.1.9a (3.1.9a)
))
(C:\Users\paolo\AppData\Local\Programs\MiKTeX\tex/generic/pgf/frontendlayer/tik
z/libraries\tikzlibraryshapes.symbols.code.tex
File: tikzlibraryshapes.symbols.code.tex 2021/05/15 v3.1.9a (3.1.9a)

(C:\Users\paolo\AppData\Local\Programs\MiKTeX\tex/generic/pgf/libraries/shapes\
pgflibraryshapes.symbols.code.tex
File: pgflibraryshapes.symbols.code.tex 2021/05/15 v3.1.9a (3.1.9a)
))
(C:\Users\paolo\AppData\Local\Programs\MiKTeX\tex/generic/pgf/frontendlayer/tik
z/libraries\tikzlibraryshapes.arrows.code.tex
File: tikzlibraryshapes.arrows.code.tex 2021/05/15 v3.1.9a (3.1.9a)

(C:\Users\paolo\AppData\Local\Programs\MiKTeX\tex/generic/pgf/libraries/shapes\
pgflibraryshapes.arrows.code.tex
File: pgflibraryshapes.arrows.code.tex 2021/05/15 v3.1.9a (3.1.9a)
))
(C:\Users\paolo\AppData\Local\Programs\MiKTeX\tex/generic/pgf/frontendlayer/tik
z/libraries\tikzlibraryshapes.callouts.code.tex
(C:\Users\paolo\AppData\Local\Programs\MiKTeX\tex/generic/pgf/libraries/shapes\
pgflibraryshapes.callouts.code.tex))
(C:\Users\paolo\AppData\Local\Programs\MiKTeX\tex/generic/pgf/frontendlayer/tik
z/libraries\tikzlibraryshapes.multipart.code.tex
File: tikzlibraryshapes.multipart.code.tex 2021/05/15 v3.1.9a (3.1.9a)

(C:\Users\paolo\AppData\Local\Programs\MiKTeX\tex/generic/pgf/libraries/shapes\
pgflibraryshapes.multipart.code.tex
File: pgflibraryshapes.multipart.code.tex 2021/05/15 v3.1.9a (3.1.9a)
\pgfnodepartlowerbox=\box65
\pgfnodeparttwobox=\box66
\pgfnodepartthreebox=\box67
\pgfnodepartfourbox=\box68
\pgfnodeparttwentybox=\box69
\pgfnodepartnineteenbox=\box70
\pgfnodeparteighteenbox=\box71
\pgfnodepartseventeenbox=\box72
\pgfnodepartsixteenbox=\box73
\pgfnodepartfifteenbox=\box74
\pgfnodepartfourteenbox=\box75
\pgfnodepartthirteenbox=\box76
\pgfnodeparttwelvebox=\box77
\pgfnodepartelevenbox=\box78
\pgfnodeparttenbox=\box79
\pgfnodepartninebox=\box80
\pgfnodeparteightbox=\box81
\pgfnodepartsevenbox=\box82
\pgfnodepartsixbox=\box83
\pgfnodepartfivebox=\box84
)))
(C:\Users\paolo\AppData\Local\Programs\MiKTeX\tex/generic/pgf/frontendlayer/tik
z/libraries\tikzlibraryarrows.code.tex
File: tikzlibraryarrows.code.tex 2021/05/15 v3.1.9a (3.1.9a)

(C:\Users\paolo\AppData\Local\Programs\MiKTeX\tex/generic/pgf/libraries\pgflibr
aryarrows.code.tex
File: pgflibraryarrows.code.tex 2021/05/15 v3.1.9a (3.1.9a)
\arrowsize=\dimen267
))
(C:\Users\paolo\AppData\Local\Programs\MiKTeX\tex/latex/enumitem\enumitem.sty
Package: enumitem 2019/06/20 v3.9 Customized lists
\labelindent=\skip61
\enit@outerparindent=\dimen268
\enit@toks=\toks37
\enit@inbox=\box85
\enit@count@id=\count301
\enitdp@description=\count302
)
(C:\Users\paolo\AppData\Local\Programs\MiKTeX\tex/latex/fontawesome5\fontawesom
e5.sty
Package: fontawesome5 2022/05/02 v5.15.4 Font Awesome 5

(C:\Users\paolo\AppData\Local\Programs\MiKTeX\tex/latex/l3packages/xparse\xpars
e.sty
Package: xparse 2022-06-22 L3 Experimental document command parser
)
(C:\Users\paolo\AppData\Local\Programs\MiKTeX\tex/latex/fontawesome5\fontawesom
e5-generic-helper.sty
Package: fontawesome5-generic-helper 2022/05/02 v5.15.4 non-uTeX helper for fon
tawesome5

(C:\Users\paolo\AppData\Local\Programs\MiKTeX\tex/latex/fontawesome5\fontawesom
e5-mapping.def)))
(C:\Users\paolo\AppData\Local\Programs\MiKTeX\tex/latex/listings\listings.sty
\lst@mode=\count303
\lst@gtempboxa=\box86
\lst@token=\toks38
\lst@length=\count304
\lst@currlwidth=\dimen269
\lst@column=\count305
\lst@pos=\count306
\lst@lostspace=\dimen270
\lst@width=\dimen271
\lst@newlines=\count307
\lst@lineno=\count308
\lst@maxwidth=\dimen272

(C:\Users\paolo\AppData\Local\Programs\MiKTeX\tex/latex/listings\lstmisc.sty
File: lstmisc.sty 2020/03/24 1.8d (Carsten Heinz)
\c@lstnumber=\count309
\lst@skipnumbers=\count310
\lst@framebox=\box87
)
(C:\Users\paolo\AppData\Local\Programs\MiKTeX\tex/latex/listings\listings.cfg
File: listings.cfg 2020/03/24 1.8d listings configuration
))
Package: listings 2020/03/24 1.8d (Carsten Heinz)
(C:\Users\paolo\AppData\Local\Programs\MiKTeX\tex/latex/hyperref\hyperref.sty
Package: hyperref 2022-11-13 v7.00u Hypertext links for LaTeX

(C:\Users\paolo\AppData\Local\Programs\MiKTeX\tex/generic/ltxcmds\ltxcmds.sty
Package: ltxcmds 2020-05-10 v1.25 LaTeX kernel commands for general use (HO)
)
(C:\Users\paolo\AppData\Local\Programs\MiKTeX\tex/generic/pdftexcmds\pdftexcmds
.sty
Package: pdftexcmds 2020-06-27 v0.33 Utility functions of pdfTeX for LuaTeX (HO
)

(C:\Users\paolo\AppData\Local\Programs\MiKTeX\tex/generic/infwarerr\infwarerr.s
ty
Package: infwarerr 2019/12/03 v1.5 Providing info/warning/error messages (HO)
)
Package pdftexcmds Info: \pdf@primitive is available.
Package pdftexcmds Info: \pdf@ifprimitive is available.
Package pdftexcmds Info: \pdfdraftmode found.
)
(C:\Users\paolo\AppData\Local\Programs\MiKTeX\tex/latex/kvsetkeys\kvsetkeys.sty
Package: kvsetkeys 2022-10-05 v1.19 Key value parser (HO)
)
(C:\Users\paolo\AppData\Local\Programs\MiKTeX\tex/generic/kvdefinekeys\kvdefine
keys.sty
Package: kvdefinekeys 2019-12-19 v1.6 Define keys (HO)
)
(C:\Users\paolo\AppData\Local\Programs\MiKTeX\tex/generic/pdfescape\pdfescape.s
ty
Package: pdfescape 2019/12/09 v1.15 Implements pdfTeX's escape features (HO)
) (C:\Users\paolo\AppData\Local\Programs\MiKTeX\tex/latex/hycolor\hycolor.sty
Package: hycolor 2020-01-27 v1.10 Color options for hyperref/bookmark (HO)
)
(C:\Users\paolo\AppData\Local\Programs\MiKTeX\tex/latex/letltxmacro\letltxmacro
.sty
Package: letltxmacro 2019/12/03 v1.6 Let assignment for LaTeX macros (HO)
)
(C:\Users\paolo\AppData\Local\Programs\MiKTeX\tex/latex/auxhook\auxhook.sty
Package: auxhook 2019-12-17 v1.6 Hooks for auxiliary files (HO)
)
(C:\Users\paolo\AppData\Local\Programs\MiKTeX\tex/latex/hyperref\nameref.sty
Package: nameref 2022-05-17 v2.50 Cross-referencing by name of section

(C:\Users\paolo\AppData\Local\Programs\MiKTeX\tex/latex/refcount\refcount.sty
Package: refcount 2019/12/15 v3.6 Data extraction from label references (HO)
)
(C:\Users\paolo\AppData\Local\Programs\MiKTeX\tex/generic/gettitlestring\gettit
lestring.sty
Package: gettitlestring 2019/12/15 v1.6 Cleanup title references (HO)

(C:\Users\paolo\AppData\Local\Programs\MiKTeX\tex/latex/kvoptions\kvoptions.sty
Package: kvoptions 2022-06-15 v3.15 Key value format for package options (HO)
))
\c@section@level=\count311
)
\@linkdim=\dimen273
\Hy@linkcounter=\count312
\Hy@pagecounter=\count313
 (C:\Users\paolo\AppData\Local\Programs\MiKTeX\tex/latex/hyperref\pd1enc.def
File: pd1enc.def 2022-11-13 v7.00u Hyperref: PDFDocEncoding definition (HO)
Now handling font encoding PD1 ...
... no UTF-8 mapping file for font encoding PD1
) (C:\Users\paolo\AppData\Local\Programs\MiKTeX\tex/generic/intcalc\intcalc.sty
Package: intcalc 2019/12/15 v1.3 Expandable calculations with integers (HO)
)
(C:\Users\paolo\AppData\Local\Programs\MiKTeX\tex/generic/etexcmds\etexcmds.sty
Package: etexcmds 2019/12/15 v1.7 Avoid name clashes with e-TeX commands (HO)
)
\Hy@SavedSpaceFactor=\count314
 (C:\Users\paolo\AppData\Local\Programs\MiKTeX\tex/latex/hyperref\puenc.def
File: puenc.def 2022-11-13 v7.00u Hyperref: PDF Unicode definition (HO)
Now handling font encoding PU ...
... no UTF-8 mapping file for font encoding PU
)
Package hyperref Info: Hyper figures OFF on input line 4162.
Package hyperref Info: Link nesting OFF on input line 4167.
Package hyperref Info: Hyper index ON on input line 4170.
Package hyperref Info: Plain pages OFF on input line 4177.
Package hyperref Info: Backreferencing OFF on input line 4182.
Package hyperref Info: Implicit mode ON; LaTeX internals redefined.
Package hyperref Info: Bookmarks ON on input line 4410.
\c@Hy@tempcnt=\count315

(C:\Users\paolo\AppData\Local\Programs\MiKTeX\tex/latex/url\url.sty
\Urlmuskip=\muskip17
Package: url 2013/09/16  ver 3.4  Verb mode for urls, etc.
)
LaTeX Info: Redefining \url on input line 4748.
\XeTeXLinkMargin=\dimen274

(C:\Users\paolo\AppData\Local\Programs\MiKTeX\tex/generic/bitset\bitset.sty
Package: bitset 2019/12/09 v1.3 Handle bit-vector datatype (HO)

(C:\Users\paolo\AppData\Local\Programs\MiKTeX\tex/generic/bigintcalc\bigintcalc
.sty
Package: bigintcalc 2019/12/15 v1.5 Expandable calculations on big integers (HO
)
))
\Fld@menulength=\count316
\Field@Width=\dimen275
\Fld@charsize=\dimen276
Package hyperref Info: Hyper figures OFF on input line 6027.
Package hyperref Info: Link nesting OFF on input line 6032.
Package hyperref Info: Hyper index ON on input line 6035.
Package hyperref Info: backreferencing OFF on input line 6042.
Package hyperref Info: Link coloring OFF on input line 6047.
Package hyperref Info: Link coloring with OCG OFF on input line 6052.
Package hyperref Info: PDF/A mode OFF on input line 6057.

(C:\Users\paolo\AppData\Local\Programs\MiKTeX\tex/latex/base\atbegshi-ltx.sty
Package: atbegshi-ltx 2021/01/10 v1.0c Emulation of the original atbegshi
package with kernel methods
)
\Hy@abspage=\count317
\c@Item=\count318
\c@Hfootnote=\count319
)
Package hyperref Info: Driver (autodetected): hpdftex.
(C:\Users\paolo\AppData\Local\Programs\MiKTeX\tex/latex/hyperref\hpdftex.def
File: hpdftex.def 2022-11-13 v7.00u Hyperref driver for pdfTeX

(C:\Users\paolo\AppData\Local\Programs\MiKTeX\tex/latex/base\atveryend-ltx.sty
Package: atveryend-ltx 2020/08/19 v1.0a Emulation of the original atveryend pac
kage
with kernel methods
)
\Fld@listcount=\count320
\c@bookmark@seq@number=\count321

(C:\Users\paolo\AppData\Local\Programs\MiKTeX\tex/latex/rerunfilecheck\rerunfil
echeck.sty
Package: rerunfilecheck 2022-07-10 v1.10 Rerun checks for auxiliary files (HO)

(C:\Users\paolo\AppData\Local\Programs\MiKTeX\tex/generic/uniquecounter\uniquec
ounter.sty
Package: uniquecounter 2019/12/15 v1.4 Provide unlimited unique counter (HO)
)
Package uniquecounter Info: New unique counter `rerunfilecheck' on input line 2
85.
)
\Hy@SectionHShift=\skip62
)
Package hyperref Info: Option `colorlinks' set `true' on input line 67.

(C:\Users\paolo\AppData\Local\Programs\MiKTeX\tex/latex/acro\acro.sty
Package: acro 2022/04/01 v3.8 typeset acronyms and other abbreviations (CN)
\l__acro_tmpa_int=\count322
\l__acro_tmpb_int=\count323
\l__acro_tmpc_int=\count324
\l__acro_tmpd_int=\count325
Loading module `base' ...
Loading module `interface' ...
Loading module `aux' ...
Loading module `properties' ...
Loading module `acronyms' ...
Loading module `formatting' ...
Loading module `ppfixes' ...
Loading module `tools' ...
\l__acro_minimal_usage_int=\count326
\l__acro_nest_int=\count327
\g_acro_barrier_int=\count328
\g_acro_barrier_total_int=\count329
Loading module `commands' ...
\l_acro_nest_level_int=\count330
Loading module `templates' ...
Loading module `list' ...
Loading module `pages' ...
\l__acro_pages_seq_threshold_int=\count331
Loading module `locale' ...

(C:\Users\paolo\AppData\Local\Programs\MiKTeX\tex/latex/translations\translatio
ns.sty
Package: translations 2022/02/05 v1.12 internationalization of LaTeX2e packages
 (CN)

(C:\Users\paolo\AppData\Local\Programs\MiKTeX\tex/latex/etoolbox\etoolbox.sty
Package: etoolbox 2020/10/05 v2.5k e-TeX tools for LaTeX (JAW)
\etb@tempcnta=\count332
))
Loading module `pdfsupport' ...
Loading module `patch' ...
Loading module `definitions' ...
Loading module `upgrade' ...
) (C:\Users\paolo\AppData\Local\Programs\MiKTeX\tex/latex/caption\caption.sty
Package: caption 2022/03/01 v3.6b Customizing captions (AR)

(C:\Users\paolo\AppData\Local\Programs\MiKTeX\tex/latex/caption\caption3.sty
Package: caption3 2022/03/17 v2.3b caption3 kernel (AR)
\caption@tempdima=\dimen277
\captionmargin=\dimen278
\caption@leftmargin=\dimen279
\caption@rightmargin=\dimen280
\caption@width=\dimen281
\caption@indent=\dimen282
\caption@parindent=\dimen283
\caption@hangindent=\dimen284
Package caption Info: Standard document class detected.
)
\c@caption@flags=\count333
\c@continuedfloat=\count334
Package caption Info: hyperref package is loaded.
Package caption Info: listings package is loaded.
)
\c@g@acro@cpp@int=\count335
\c@g@acro@uav@int=\count336
\c@g@acro@gcs@int=\count337
\c@g@acro@qgc@int=\count338
\c@g@acro@ros@int=\count339
\c@g@acro@sitl@int=\count340
\c@g@acro@wsl@int=\count341

(main.aux)
\openout1 = `main.aux'.

LaTeX Font Info:    Checking defaults for OML/cmm/m/it on input line 143.
LaTeX Font Info:    ... okay on input line 143.
LaTeX Font Info:    Checking defaults for OMS/cmsy/m/n on input line 143.
LaTeX Font Info:    ... okay on input line 143.
LaTeX Font Info:    Checking defaults for OT1/cmr/m/n on input line 143.
LaTeX Font Info:    ... okay on input line 143.
LaTeX Font Info:    Checking defaults for T1/cmr/m/n on input line 143.
LaTeX Font Info:    ... okay on input line 143.
LaTeX Font Info:    Checking defaults for TS1/cmr/m/n on input line 143.
LaTeX Font Info:    ... okay on input line 143.
LaTeX Font Info:    Checking defaults for OMX/cmex/m/n on input line 143.
LaTeX Font Info:    ... okay on input line 143.
LaTeX Font Info:    Checking defaults for U/cmr/m/n on input line 143.
LaTeX Font Info:    ... okay on input line 143.
LaTeX Font Info:    Checking defaults for PD1/pdf/m/n on input line 143.
LaTeX Font Info:    ... okay on input line 143.
LaTeX Font Info:    Checking defaults for PU/pdf/m/n on input line 143.
LaTeX Font Info:    ... okay on input line 143.

(C:\Users\paolo\AppData\Local\Programs\MiKTeX\tex/context/base/mkii\supp-pdf.mk
ii
[Loading MPS to PDF converter (version 2006.09.02).]
\scratchcounter=\count342
\scratchdimen=\dimen285
\scratchbox=\box88
\nofMPsegments=\count343
\nofMParguments=\count344
\everyMPshowfont=\toks39
\MPscratchCnt=\count345
\MPscratchDim=\dimen286
\MPnumerator=\count346
\makeMPintoPDFobject=\count347
\everyMPtoPDFconversion=\toks40
)
(C:\Users\paolo\AppData\Local\Programs\MiKTeX\tex/latex/epstopdf-pkg\epstopdf-b
ase.sty
Package: epstopdf-base 2020-01-24 v2.11 Base part for package epstopdf
Package epstopdf-base Info: Redefining graphics rule for `.eps' on input line 4
85.

(C:\Users\paolo\AppData\Local\Programs\MiKTeX\tex/latex/00miktex\epstopdf-sys.c
fg
File: epstopdf-sys.cfg 2021/03/18 v2.0 Configuration of epstopdf for MiKTeX
))
*geometry* driver: auto-detecting
*geometry* detected driver: pdftex
*geometry* verbose mode - [ preamble ] result:
* driver: pdftex
* paper: a4paper
* layout: <same size as paper>
* layoutoffset:(h,v)=(0.0pt,0.0pt)
* modes: 
* h-part:(L,W,R)=(74.68848pt, 448.1309pt, 74.68849pt)
* v-part:(T,H,B)=(84.50467pt, 633.78513pt, 126.75705pt)
* \paperwidth=597.50787pt
* \paperheight=845.04684pt
* \textwidth=448.1309pt
* \textheight=633.78513pt
* \oddsidemargin=2.41849pt
* \evensidemargin=2.41849pt
* \topmargin=-24.76532pt
* \headheight=12.0pt
* \headsep=25.0pt
* \topskip=11.0pt
* \footskip=30.0pt
* \marginparwidth=50.0pt
* \marginparsep=10.0pt
* \columnsep=10.0pt
* \skip\footins=10.0pt plus 4.0pt minus 2.0pt
* \hoffset=0.0pt
* \voffset=0.0pt
* \mag=1000
* \@twocolumnfalse
* \@twosidefalse
* \@mparswitchfalse
* \@reversemarginfalse
* (1in=72.27pt=25.4mm, 1cm=28.453pt)

\c@lstlisting=\count348
Package hyperref Info: Link coloring ON on input line 143.
(main.out) (main.out)
\@outlinefile=\write4
\openout4 = `main.out'.


(C:\Users\paolo\AppData\Local\Programs\MiKTeX\tex/latex/translations/dicts\tran
slations-basic-dictionary-english.trsl
File: translations-basic-dictionary-english.trsl (english translation file `tra
nslations-basic-dictionary')
)
Package translations Info: loading dictionary `translations-basic-dictionary' f
or `english'. on input line 143.
Package caption Info: Begin \AtBeginDocument code.
Package caption Info: End \AtBeginDocument code.
 (title_page.tex
<unipg-logo-title-2364x1862.png, id=50, 1776.6375pt x 889.07156pt>
File: unipg-logo-title-2364x1862.png Graphic file (type png)
<use unipg-logo-title-2364x1862.png>
Package pdftex.def Info: unipg-logo-title-2364x1862.png  used on input line 6.
(pdftex.def)             Requested size: 177.67415pt x 88.91235pt.
 (main.toc
LaTeX Font Info:    Trying to load font information for U+msa on input line 5.

(C:\Users\paolo\AppData\Local\Programs\MiKTeX\tex/latex/amsfonts\umsa.fd
File: umsa.fd 2013/01/14 v3.01 AMS symbols A
)
LaTeX Font Info:    Trying to load font information for U+msb on input line 5.

(C:\Users\paolo\AppData\Local\Programs\MiKTeX\tex/latex/amsfonts\umsb.fd
File: umsb.fd 2013/01/14 v3.01 AMS symbols B
))
\tf@toc=\write5
\openout5 = `main.toc'.


[1

{C:/Users/paolo/AppData/Local/MiKTeX/fonts/map/pdftex/pdftex.map} <./unipg-logo
-title-2364x1862.png>])
pdfTeX warning (ext4): destination with the same identifier (name{page.1}) has 
been already used, duplicate ignored
<to be read again> 
                   \relax 
l.149 	\clearpage
                  [1] (sections/introduction.tex
LaTeX Font Info:    Trying to load font information for TS1+cmss on input line 
5.

(C:\Users\paolo\AppData\Local\Programs\MiKTeX\tex/latex/base\ts1cmss.fd
File: ts1cmss.fd 2022/07/10 v2.5l Standard LaTeX font definitions
))
(sections/navigation.tex) (sections/implementation.tex [2

]
LaTeX Font Info:    Trying to load font information for T1+cmtt on input line 2
2.

(C:\Users\paolo\AppData\Local\Programs\MiKTeX\tex/latex/base\t1cmtt.fd
File: t1cmtt.fd 2022/07/10 v2.5l Standard LaTeX font definitions
)
[3] [4]) (sections/simulation.tex
(C:\Users\paolo\AppData\Local\Programs\MiKTeX\tex/latex/listings\lstlang1.sty
File: lstlang1.sty 2020/03/24 1.8d listings language file
)
Package hyperref Info: bookmark level for unknown lstlisting defaults to 0 on i
nput line 13.

(../simulator/main.m
consecutive:
[5])
<images/target_area_selection.png, id=166, 1445.4pt x 777.65532pt>
File: images/target_area_selection.png Graphic file (type png)
<use images/target_area_selection.png>
Package pdftex.def Info: images/target_area_selection.png  used on input line 1
6.
(pdftex.def)             Requested size: 448.1309pt x 241.10625pt.
 (../simulator/main.m
consecutive:
[6 <./images/target_area_selection.png>]) (../simulator/WSL_connection.m
[7]) (../simulator/WSL_connection.m
consecutive:
) [8]
(C:\Users\paolo\AppData\Local\Programs\MiKTeX\tex/latex/listings\lstlang1.sty
File: lstlang1.sty 2020/03/24 1.8d listings language file
)
[9] [10]
Overfull \hbox (74.45436pt too wide) in paragraph at lines 195--196
[]\T1/cmss/m/n/10.95 On the first ter-mi-nal run the com-mand \T1/cmtt/m/n/10.9
5 $ roslaunch PX4-Autopilot/launch/mavros_posix_sitl.launch
 []

[11]
<images/rqt_graph view.png, id=456, 1445.4pt x 776.9025pt>
File: images/rqt_graph view.png Graphic file (type png)
<use images/rqt_graph view.png>
Package pdftex.def Info: images/rqt_graph view.png  used on input line 203.
(pdftex.def)             Requested size: 448.1309pt x 240.87285pt.
) [12 <./images/rqt_graph view.png>] (main.bbl) [13

] (main.aux)
Package rerunfilecheck Info: File `main.out' has not changed.
(rerunfilecheck)             Checksum: 5C93AA2AB34980980E3EAC72C139F504;1452.
 ) 
Here is how much of TeX's memory you used:
 36774 strings out of 475284
 758337 string characters out of 2774104
 1559192 words of memory out of 3000000
 57389 multiletter control sequences out of 15000+600000
 491452 words of font info for 82 fonts, out of 8000000 for 9000
 1141 hyphenation exceptions out of 8191
 84i,12n,89p,856b,2695s stack positions out of 10000i,1000n,20000p,200000b,80000s
 <C:\Users\paolo\AppData\Local\MiKTeX\fonts/pk/ljfour/jknappen/ec/dpi600\ecsi
0900.pk> <C:\Users\paolo\AppData\Local\MiKTeX\fonts/pk/ljfour/jknappen/ec/dpi60
0\tcss0900.pk> <C:\Users\paolo\AppData\Local\MiKTeX\fonts/pk/ljfour/jknappen/ec
/dpi600\ecsx0900.pk> <C:\Users\paolo\AppData\Local\MiKTeX\fonts/pk/ljfour/jknap
pen/ec/dpi600\ectt0900.pk> <C:\Users\paolo\AppData\Local\MiKTeX\fonts/pk/ljfour
/jknappen/ec/dpi600\ecss0900.pk> <C:\Users\paolo\AppData\Local\MiKTeX\fonts/pk/
ljfour/jknappen/ec/dpi450\ecss0800.pk> <C:\Users\paolo\AppData\Local\MiKTeX\fon
ts/pk/ljfour/jknappen/ec/dpi600\ectt1095.pk> <C:\Users\paolo\AppData\Local\MiKT
eX\fonts/pk/ljfour/jknappen/ec/dpi600\ecss0800.pk> <C:\Users\paolo\AppData\Loca
l\MiKTeX\fonts/pk/ljfour/jknappen/ec/dpi600\ecsx1200.pk> <C:\Users\paolo\AppDat
a\Local\MiKTeX\fonts/pk/ljfour/jknappen/ec/dpi600\tcss1095.pk> <C:\Users\paolo\
AppData\Local\MiKTeX\fonts/pk/ljfour/jknappen/ec/dpi600\ecsi1095.pk> <C:\Users\
paolo\AppData\Local\MiKTeX\fonts/pk/ljfour/jknappen/ec/dpi600\ecsx1440.pk> <C:\
Users\paolo\AppData\Local\MiKTeX\fonts/pk/ljfour/jknappen/ec/dpi600\ecss1000.pk
> <C:\Users\paolo\AppData\Local\MiKTeX\fonts/pk/ljfour/jknappen/ec/dpi600\ecss1
095.pk> <C:\Users\paolo\AppData\Local\MiKTeX\fonts/pk/ljfour/jknappen/ec/dpi600
\ecsx1095.pk> <C:\Users\paolo\AppData\Local\MiKTeX\fonts/pk/ljfour/jknappen/ec/
dpi600\ecsx1728.pk><C:/Users/paolo/AppData/Local/Programs/MiKTeX/fonts/type1/pu
blic/amsfonts/cm/cmmi9.pfb><C:/Users/paolo/AppData/Local/Programs/MiKTeX/fonts/
type1/public/amsfonts/cm/cmr9.pfb><C:/Users/paolo/AppData/Local/Programs/MiKTeX
/fonts/type1/public/amsfonts/cm/cmsy9.pfb>
Output written on main.pdf (14 pages, 3046771 bytes).
PDF statistics:
 1098 PDF objects out of 1200 (max. 8388607)
 312 named destinations out of 1000 (max. 500000)
 116 words of extra memory for PDF output out of 10000 (max. 10000000)

